Build started 6/12/2016 10:44:53 PM.
     1>Project "C:\Users\Kevin\Desktop\CIS-22C-kevin\program_docs\program_docs\program_docs.vcxproj" on node 2 (Build target(s)).
     1>ClCompile:
         C:\Program Files (x86)\Microsoft Visual Studio 12.0\VC\bin\CL.exe /c /ZI /nologo /W3 /WX- /sdl /Od /Oy- /D _MBCS /Gm /EHsc /RTC1 /MDd /GS /fp:precise /Zc:wchar_t /Zc:forScope /Fo"Debug\\" /Fd"Debug\vc120.pdb" /Gd /TP /analyze- /errorReport:prompt main.cpp
         main.cpp
     1>c:\users\kevin\desktop\cis-22c-kevin\program_docs\program_docs\main.cpp(187): error C2059: syntax error : ')'
     1>c:\users\kevin\desktop\cis-22c-kevin\program_docs\program_docs\main.cpp(187): error C2143: syntax error : missing ')' before '{'
     1>c:\users\kevin\desktop\cis-22c-kevin\program_docs\program_docs\main.cpp(188): error C2955: 'std::hash' : use of class template requires template argument list
                 c:\program files (x86)\microsoft visual studio 12.0\vc\include\xstddef(324) : see declaration of 'std::hash'
     1>c:\users\kevin\desktop\cis-22c-kevin\program_docs\program_docs\main.cpp(188): error C2228: left of '.find' must have class/struct/union
     1>c:\users\kevin\desktop\cis-22c-kevin\program_docs\program_docs\main.cpp(189): error C2955: 'std::hash' : use of class template requires template argument list
                 c:\program files (x86)\microsoft visual studio 12.0\vc\include\xstddef(324) : see declaration of 'std::hash'
     1>c:\users\kevin\desktop\cis-22c-kevin\program_docs\program_docs\main.cpp(189): error C2228: left of '.find' must have class/struct/union
     1>Done Building Project "C:\Users\Kevin\Desktop\CIS-22C-kevin\program_docs\program_docs\program_docs.vcxproj" (Build target(s)) -- FAILED.

Build FAILED.

Time Elapsed 00:00:00.58
